=INFO REPORT==== 4-Aug-2017::16:47:07 ===
Starting RabbitMQ 3.6.9 on Erlang 19.3
Copyright (C) 2007-2016 Pivotal Software, Inc.
Licensed under the MPL.  See http://www.rabbitmq.com/

=INFO REPORT==== 4-Aug-2017::16:47:07 ===
node           : rabbit2@localhost
home dir       : /Users/kazexd
config file(s) : /usr/local/etc/rabbitmq/rabbitmq.config (not found)
cookie hash    : JF1GxZ9CWpSeatyVRyAAbw==
log            : /usr/local/var/log/rabbitmq/rabbit2@localhost.log
sasl log       : /usr/local/var/log/rabbitmq/rabbit2@localhost-sasl.log
database dir   : /usr/local/var/lib/rabbitmq/mnesia/rabbit2@localhost

=INFO REPORT==== 4-Aug-2017::16:47:09 ===
Memory limit set to 2364MB of 5911MB total.

=INFO REPORT==== 4-Aug-2017::16:47:09 ===
Disk free limit set to 50MB

=INFO REPORT==== 4-Aug-2017::16:47:09 ===
Limiting to approx 156 file handles (138 sockets)

=INFO REPORT==== 4-Aug-2017::16:47:09 ===
FHC read buffering:  OFF
FHC write buffering: ON

=INFO REPORT==== 4-Aug-2017::16:47:09 ===
Waiting for Mnesia tables for 30000 ms, 9 retries left

=INFO REPORT==== 4-Aug-2017::16:47:09 ===
Waiting for Mnesia tables for 30000 ms, 9 retries left

=INFO REPORT==== 4-Aug-2017::16:47:09 ===
Priority queues enabled, real BQ is rabbit_variable_queue

=INFO REPORT==== 4-Aug-2017::16:47:09 ===
Starting rabbit_node_monitor

=INFO REPORT==== 4-Aug-2017::16:47:09 ===
Management plugin: using rates mode 'basic'

=INFO REPORT==== 4-Aug-2017::16:47:09 ===
msg_store_transient: using rabbit_msg_store_ets_index to provide index

=INFO REPORT==== 4-Aug-2017::16:47:09 ===
msg_store_persistent: using rabbit_msg_store_ets_index to provide index

=INFO REPORT==== 4-Aug-2017::16:47:09 ===
started TCP Listener on 127.0.0.1:5673

=ERROR REPORT==== 4-Aug-2017::16:47:09 ===
Failed to start Ranch listener rabbit_web_dispatch_sup_15672 in ranch_tcp:listen([{port,15672}]) for reason eaddrinuse (address already in use)

=ERROR REPORT==== 4-Aug-2017::16:47:09 ===
** Generic server rabbit_web_dispatch_registry terminating 
** Last message in was {add,rabbit_mgmt,
                           [{port,15672}],
                           #Fun<rabbit_web_dispatch.0.116447411>,
                           [{'_',[],
                                [{[<<"api">>,<<"overview">>],
                                  [],rabbit_mgmt_wm_overview,[]},
                                 {[<<"api">>,<<"cluster-name">>],
                                  [],rabbit_mgmt_wm_cluster_name,[]},
                                 {[<<"api">>,<<"nodes">>],
                                  [],rabbit_mgmt_wm_nodes,[]},
                                 {[<<"api">>,<<"nodes">>,node],
                                  [],rabbit_mgmt_wm_node,[]},
                                 {[<<"api">>,<<"nodes">>,node,<<"memory">>],
                                  [],rabbit_mgmt_wm_node_memory,
                                  [absolute]},
                                 {[<<"api">>,<<"nodes">>,node,<<"memory">>,
                                   <<"relative">>],
                                  [],rabbit_mgmt_wm_node_memory,
                                  [relative]},
                                 {[<<"api">>,<<"nodes">>,node,<<"memory">>,
                                   <<"ets">>],
                                  [],rabbit_mgmt_wm_node_memory_ets,
                                  [absolute]},
                                 {[<<"api">>,<<"nodes">>,node,<<"memory">>,
                                   <<"ets">>,<<"relative">>],
                                  [],rabbit_mgmt_wm_node_memory_ets,
                                  [relative]},
                                 {[<<"api">>,<<"nodes">>,node,<<"memory">>,
                                   <<"ets">>,filter],
                                  [],rabbit_mgmt_wm_node_memory_ets,
                                  [absolute]},
                                 {[<<"api">>,<<"nodes">>,node,<<"memory">>,
                                   <<"ets">>,filter,<<"relative">>],
                                  [],rabbit_mgmt_wm_node_memory_ets,
                                  [relative]},
                                 {[<<"api">>,<<"extensions">>],
                                  [],rabbit_mgmt_wm_extensions,[]},
                                 {[<<"api">>,<<"all-configuration">>],
                                  [],rabbit_mgmt_wm_definitions,[]},
                                 {[<<"api">>,<<"definitions">>],
                                  [],rabbit_mgmt_wm_definitions,[]},
                                 {[<<"api">>,<<"definitions">>,vhost],
                                  [],rabbit_mgmt_wm_definitions,[]},
                                 {[<<"api">>,<<"parameters">>],
                                  [],rabbit_mgmt_wm_parameters,[]},
                                 {[<<"api">>,<<"parameters">>,component],
                                  [],rabbit_mgmt_wm_parameters,[]},
                                 {[<<"api">>,<<"parameters">>,component,vhost],
                                  [],rabbit_mgmt_wm_parameters,[]},
                                 {[<<"api">>,<<"parameters">>,component,vhost,
                                   name],
                                  [],rabbit_mgmt_wm_parameter,[]},
                                 {[<<"api">>,<<"global-parameters">>],
                                  [],rabbit_mgmt_wm_global_parameters,[]},
                                 {[<<"api">>,<<"global-parameters">>,name],
                                  [],rabbit_mgmt_wm_global_parameter,[]},
                                 {[<<"api">>,<<"policies">>],
                                  [],rabbit_mgmt_wm_policies,[]},
                                 {[<<"api">>,<<"policies">>,vhost],
                                  [],rabbit_mgmt_wm_policies,[]},
                                 {[<<"api">>,<<"policies">>,vhost,name],
                                  [],rabbit_mgmt_wm_policy,[]},
                                 {[<<"api">>,<<"connections">>],
                                  [],rabbit_mgmt_wm_connections,[]},
                                 {[<<"api">>,<<"connections">>,connection],
                                  [],rabbit_mgmt_wm_connection,[]},
                                 {[<<"api">>,<<"connections">>,connection,
                                   <<"channels">>],
                                  [],rabbit_mgmt_wm_connection_channels,[]},
                                 {[<<"api">>,<<"channels">>],
                                  [],rabbit_mgmt_wm_channels,[]},
                                 {[<<"api">>,<<"channels">>,channel],
                                  [],rabbit_mgmt_wm_channel,[]},
                                 {[<<"api">>,<<"consumers">>],
                                  [],rabbit_mgmt_wm_consumers,[]},
                                 {[<<"api">>,<<"consumers">>,vhost],
                                  [],rabbit_mgmt_wm_consumers,[]},
                                 {[<<"api">>,<<"exchanges">>],
                                  [],rabbit_mgmt_wm_exchanges,[]},
                                 {[<<"api">>,<<"exchanges">>,vhost],
                                  [],rabbit_mgmt_wm_exchanges,[]},
                                 {[<<"api">>,<<"exchanges">>,vhost,exchange],
                                  [],rabbit_mgmt_wm_exchange,[]},
                                 {[<<"api">>,<<"exchanges">>,vhost,exchange,
                                   <<"publish">>],
                                  [],rabbit_mgmt_wm_exchange_publish,[]},
                                 {[<<"api">>,<<"exchanges">>,vhost,exchange,
                                   <<"bindings">>,<<"source">>],
                                  [],rabbit_mgmt_wm_bindings,
                                  [exchange_source]},
                                 {[<<"api">>,<<"exchanges">>,vhost,exchange,
                                   <<"bindings">>,<<"destination">>],
                                  [],rabbit_mgmt_wm_bindings,
                                  [exchange_destination]},
                                 {[<<"api">>,<<"queues">>],
                                  [],rabbit_mgmt_wm_queues,[]},
                                 {[<<"api">>,<<"queues">>,vhost],
                                  [],rabbit_mgmt_wm_queues,[]},
                                 {[<<"api">>,<<"queues">>,vhost,queue],
                                  [],rabbit_mgmt_wm_queue,[]},
                                 {[<<"api">>,<<"queues">>,vhost,destination,
                                   <<"bindings">>],
                                  [],rabbit_mgmt_wm_bindings,
                                  [queue]},
                                 {[<<"api">>,<<"queues">>,vhost,queue,
                                   <<"contents">>],
                                  [],rabbit_mgmt_wm_queue_purge,[]},
                                 {[<<"api">>,<<"queues">>,vhost,queue,
                                   <<"get">>],
                                  [],rabbit_mgmt_wm_queue_get,[]},
                                 {[<<"api">>,<<"queues">>,vhost,queue,
                                   <<"actions">>],
                                  [],rabbit_mgmt_wm_queue_actions,[]},
                                 {[<<"api">>,<<"bindings">>],
                                  [],rabbit_mgmt_wm_bindings,
                                  [all]},
                                 {[<<"api">>,<<"bindings">>,vhost],
                                  [],rabbit_mgmt_wm_bindings,
                                  [all]},
                                 {[<<"api">>,<<"bindings">>,vhost,<<"e">>,
                                   source,dtype,destination],
                                  [],rabbit_mgmt_wm_bindings,
                                  [source_destination]},
                                 {[<<"api">>,<<"bindings">>,vhost,<<"e">>,
                                   source,dtype,destination,props],
                                  [],rabbit_mgmt_wm_binding,[]},
                                 {[<<"api">>,<<"vhosts">>],
                                  [],rabbit_mgmt_wm_vhosts,[]},
                                 {[<<"api">>,<<"vhosts">>,vhost],
                                  [],rabbit_mgmt_wm_vhost,[]},
                                 {[<<"api">>,<<"vhosts">>,vhost,
                                   <<"permissions">>],
                                  [],rabbit_mgmt_wm_permissions_vhost,[]},
                                 {[<<"api">>,<<"vhosts">>,vhost,
                                   <<"connections">>],
                                  [],rabbit_mgmt_wm_connections_vhost,[]},
                                 {[<<"api">>,<<"vhosts">>,vhost,
                                   <<"channels">>],
                                  [],rabbit_mgmt_wm_channels_vhost,[]},
                                 {[<<"api">>,<<"users">>],
                                  [],rabbit_mgmt_wm_users,[]},
                                 {[<<"api">>,<<"users">>,user],
                                  [],rabbit_mgmt_wm_user,[]},
                                 {[<<"api">>,<<"users">>,user,
                                   <<"permissions">>],
                                  [],rabbit_mgmt_wm_permissions_user,[]},
                                 {[<<"api">>,<<"whoami">>],
                                  [],rabbit_mgmt_wm_whoami,[]},
                                 {[<<"api">>,<<"permissions">>],
                                  [],rabbit_mgmt_wm_permissions,[]},
                                 {[<<"api">>,<<"permissions">>,vhost,user],
                                  [],rabbit_mgmt_wm_permission,[]},
                                 {[<<"api">>,<<"aliveness-test">>,vhost],
                                  [],rabbit_mgmt_wm_aliveness_test,[]},
                                 {[<<"api">>,<<"healthchecks">>,<<"node">>],
                                  [],rabbit_mgmt_wm_healthchecks,[]},
                                 {[<<"api">>,<<"healthchecks">>,<<"node">>,
                                   node],
                                  [],rabbit_mgmt_wm_healthchecks,[]},
                                 {[<<"api">>,<<"reset">>],
                                  [],rabbit_mgmt_wm_reset,[]},
                                 {[<<"api">>,<<"reset">>,node],
                                  [],rabbit_mgmt_wm_reset,[]},
                                 {[],[],cowboy_static,
                                  {file,
                                      "/usr/local/var/lib/rabbitmq/mnesia/rabbit2@localhost-plugins-expand/rabbitmq_management-3.6.9/priv/www/index.html"}},
                                 {[<<"api">>],
                                  [],cowboy_static,
                                  {file,
                                      "/usr/local/var/lib/rabbitmq/mnesia/rabbit2@localhost-plugins-expand/rabbitmq_management-3.6.9/priv/www/api/index.html"}},
                                 {[<<"cli">>],
                                  [],cowboy_static,
                                  {file,
                                      "/usr/local/var/lib/rabbitmq/mnesia/rabbit2@localhost-plugins-expand/rabbitmq_management-3.6.9/priv/www/cli/index.html"}},
                                 {[<<"mgmt">>],[],rabbit_mgmt_wm_redirect,"/"},
                                 {['...'],
                                  [],rabbit_mgmt_wm_static,
                                  ["/usr/local/var/lib/rabbitmq/mnesia/rabbit2@localhost-plugins-expand/rabbitmq_management-3.6.9/priv/www"]}]}],
                           {[],"RabbitMQ Management"}}
** When Server state == undefined
** Reason for termination == 
** {{could_not_start_listener,
        [{port,15672}],
        {shutdown,
            {failed_to_start_child,ranch_acceptors_sup,
                {listen_error,rabbit_web_dispatch_sup_15672,eaddrinuse}}}},
    [{rabbit_web_dispatch_sup,check_error,2,
         [{file,"src/rabbit_web_dispatch_sup.erl"},{line,129}]},
     {rabbit_web_dispatch_registry,handle_call,3,
         [{file,"src/rabbit_web_dispatch_registry.erl"},{line,75}]},
     {gen_server,try_handle_call,4,[{file,"gen_server.erl"},{line,615}]},
     {gen_server,handle_msg,5,[{file,"gen_server.erl"},{line,647}]},
     {proc_lib,init_p_do_apply,3,[{file,"proc_lib.erl"},{line,247}]}]}

=INFO REPORT==== 4-Aug-2017::16:47:09 ===
stopped TCP Listener on 127.0.0.1:5673

=INFO REPORT==== 4-Aug-2017::16:47:09 ===
Stopping message store for directory '/usr/local/var/lib/rabbitmq/mnesia/rabbit2@localhost/msg_store_persistent'
=INFO REPORT==== 4-Aug-2017::16:47:09 ===
Message store for directory '/usr/local/var/lib/rabbitmq/mnesia/rabbit2@localhost/msg_store_persistent' is stopped
=INFO REPORT==== 4-Aug-2017::16:47:09 ===
Stopping message store for directory '/usr/local/var/lib/rabbitmq/mnesia/rabbit2@localhost/msg_store_transient'
=INFO REPORT==== 4-Aug-2017::16:47:09 ===
Message store for directory '/usr/local/var/lib/rabbitmq/mnesia/rabbit2@localhost/msg_store_transient' is stopped
=INFO REPORT==== 4-Aug-2017::16:47:09 ===
Error description:
   {could_not_start,rabbitmq_management,
       {{could_not_start_listener,
            [{port,15672}],
            {shutdown,
                {failed_to_start_child,ranch_acceptors_sup,
                    {listen_error,rabbit_web_dispatch_sup_15672,eaddrinuse}}}},
        {gen_server,call,
            [rabbit_web_dispatch_registry,
             {add,rabbit_mgmt,
                 [{port,15672}],
                 #Fun<rabbit_web_dispatch.0.116447411>,
                 [{'_',[],
                      [{[<<"api">>,<<"overview">>],
                        [],rabbit_mgmt_wm_overview,[]},
                       {[<<"api">>,<<"cluster-name">>],
                        [],rabbit_mgmt_wm_cluster_name,[]},
                       {[<<"api">>,<<"nodes">>],[],rabbit_mgmt_wm_nodes,[]},
                       {[<<"api">>,<<"nodes">>,node],
                        [],rabbit_mgmt_wm_node,[]},
                       {[<<"api">>,<<"nodes">>,node,<<"memory">>],
                        [],rabbit_mgmt_wm_node_memory,
                        [absolute]},
                       {[<<"api">>,<<"nodes">>,node,<<"memory">>,
                         <<"relative">>],
                        [],rabbit_mgmt_wm_node_memory,
                        [relative]},
                       {[<<"api">>,<<"nodes">>,node,<<"memory">>,<<"ets">>],
                        [],rabbit_mgmt_wm_node_memory_ets,
                        [absolute]},
                       {[<<"api">>,<<"nodes">>,node,<<"memory">>,<<"ets">>,
                         <<"relative">>],
                        [],rabbit_mgmt_wm_node_memory_ets,
                        [relative]},
                       {[<<"api">>,<<"nodes">>,node,<<"memory">>,<<"ets">>,
                         filter],
                        [],rabbit_mgmt_wm_node_memory_ets,
                        [absolute]},
                       {[<<"api">>,<<"nodes">>,node,<<"memory">>,<<"ets">>,
                         filter,<<"relative">>],
                        [],rabbit_mgmt_wm_node_memory_ets,
                        [relative]},
                       {[<<"api">>,<<"extensions">>],
                        [],rabbit_mgmt_wm_extensions,[]},
                       {[<<"api">>,<<"all-configuration">>],
                        [],rabbit_mgmt_wm_definitions,[]},
                       {[<<"api">>,<<"definitions">>],
                        [],rabbit_mgmt_wm_definitions,[]},
                       {[<<"api">>,<<"definitions">>,vhost],
                        [],rabbit_mgmt_wm_definitions,[]},
                       {[<<"api">>,<<"parameters">>],
                        [],rabbit_mgmt_wm_parameters,[]},
                       {[<<"api">>,<<"parameters">>,component],
                        [],rabbit_mgmt_wm_parameters,[]},
                       {[<<"api">>,<<"parameters">>,component,vhost],
                        [],rabbit_mgmt_wm_parameters,[]},
                       {[<<"api">>,<<"parameters">>,component,vhost,name],
                        [],rabbit_mgmt_wm_parameter,[]},
                       {[<<"api">>,<<"global-parameters">>],
                        [],rabbit_mgmt_wm_global_parameters,[]},
                       {[<<"api">>,<<"global-parameters">>,name],
                        [],rabbit_mgmt_wm_global_parameter,[]},
                       {[<<"api">>,<<"policies">>],
                        [],rabbit_mgmt_wm_policies,[]},
                       {[<<"api">>,<<"policies">>,vhost],
                        [],rabbit_mgmt_wm_policies,[]},
                       {[<<"api">>,<<"policies">>,vhost,name],
                        [],rabbit_mgmt_wm_policy,[]},
                       {[<<"api">>,<<"connections">>],
                        [],rabbit_mgmt_wm_connections,[]},
                       {[<<"api">>,<<"connections">>,connection],
                        [],rabbit_mgmt_wm_connection,[]},
                       {[<<"api">>,<<"connections">>,connection,
                         <<"channels">>],
                        [],rabbit_mgmt_wm_connection_channels,[]},
                       {[<<"api">>,<<"channels">>],
                        [],rabbit_mgmt_wm_channels,[]},
                       {[<<"api">>,<<"channels">>,channel],
                        [],rabbit_mgmt_wm_channel,[]},
                       {[<<"api">>,<<"consumers">>],
                        [],rabbit_mgmt_wm_consumers,[]},
                       {[<<"api">>,<<"consumers">>,vhost],
                        [],rabbit_mgmt_wm_consumers,[]},
                       {[<<"api">>,<<"exchanges">>],
                        [],rabbit_mgmt_wm_exchanges,[]},
                       {[<<"api">>,<<"exchanges">>,vhost],
                        [],rabbit_mgmt_wm_exchanges,[]},
                       {[<<"api">>,<<"exchanges">>,vhost,exchange],
                        [],rabbit_mgmt_wm_exchange,[]},
                       {[<<"api">>,<<"exchanges">>,vhost,exchange,
                         <<"publish">>],
                        [],rabbit_mgmt_wm_exchange_publish,[]},
                       {[<<"api">>,<<"exchanges">>,vhost,exchange,
                         <<"bindings">>,<<"source">>],
                        [],rabbit_mgmt_wm_bindings,
                        [exchange_source]},
                       {[<<"api">>,<<"exchanges">>,vhost,exchange,
                         <<"bindings">>,<<"destination">>],
                        [],rabbit_mgmt_wm_bindings,
                        [exchange_destination]},
                       {[<<"api">>,<<"queues">>],[],rabbit_mgmt_wm_queues,[]},
                       {[<<"api">>,<<"queues">>,vhost],
                        [],rabbit_mgmt_wm_queues,[]},
                       {[<<"api">>,<<"queues">>,vhost,queue],
                        [],rabbit_mgmt_wm_queue,[]},
                       {[<<"api">>,<<"queues">>,vhost,destination,
                         <<"bindings">>],
                        [],rabbit_mgmt_wm_bindings,
                        [queue]},
                       {[<<"api">>,<<"queues">>,vhost,queue,<<"contents">>],
                        [],rabbit_mgmt_wm_queue_purge,[]},
                       {[<<"api">>,<<"queues">>,vhost,queue,<<"get">>],
                        [],rabbit_mgmt_wm_queue_get,[]},
                       {[<<"api">>,<<"queues">>,vhost,queue,<<"actions">>],
                        [],rabbit_mgmt_wm_queue_actions,[]},
                       {[<<"api">>,<<"bindings">>],
                        [],rabbit_mgmt_wm_bindings,
                        [all]},
                       {[<<"api">>,<<"bindings">>,vhost],
                        [],rabbit_mgmt_wm_bindings,
                        [all]},
                       {[<<"api">>,<<"bindings">>,vhost,<<"e">>,source,dtype,
                         destination],
                        [],rabbit_mgmt_wm_bindings,
                        [source_destination]},
                       {[<<"api">>,<<"bindings">>,vhost,<<"e">>,source,dtype,
                         destination,props],
                        [],rabbit_mgmt_wm_binding,[]},
                       {[<<"api">>,<<"vhosts">>],[],rabbit_mgmt_wm_vhosts,[]},
                       {[<<"api">>,<<"vhosts">>,vhost],
                        [],rabbit_mgmt_wm_vhost,[]},
                       {[<<"api">>,<<"vhosts">>,vhost,<<"permissions">>],
                        [],rabbit_mgmt_wm_permissions_vhost,[]},
                       {[<<"api">>,<<"vhosts">>,vhost,<<"connections">>],
                        [],rabbit_mgmt_wm_connections_vhost,[]},
                       {[<<"api">>,<<"vhosts">>,vhost,<<"channels">>],
                        [],rabbit_mgmt_wm_channels_vhost,[]},
                       {[<<"api">>,<<"users">>],[],rabbit_mgmt_wm_users,[]},
                       {[<<"api">>,<<"users">>,user],
                        [],rabbit_mgmt_wm_user,[]},
                       {[<<"api">>,<<"users">>,user,<<"permissions">>],
                        [],rabbit_mgmt_wm_permissions_user,[]},
                       {[<<"api">>,<<"whoami">>],[],rabbit_mgmt_wm_whoami,[]},
                       {[<<"api">>,<<"permissions">>],
                        [],rabbit_mgmt_wm_permissions,[]},
                       {[<<"api">>,<<"permissions">>,vhost,user],
                        [],rabbit_mgmt_wm_permission,[]},
                       {[<<"api">>,<<"aliveness-test">>,vhost],
                        [],rabbit_mgmt_wm_aliveness_test,[]},
                       {[<<"api">>,<<"healthchecks">>,<<"node">>],
                        [],rabbit_mgmt_wm_healthchecks,[]},
                       {[<<"api">>,<<"healthchecks">>,<<"node">>,node],
                        [],rabbit_mgmt_wm_healthchecks,[]},
                       {[<<"api">>,<<"reset">>],[],rabbit_mgmt_wm_reset,[]},
                       {[<<"api">>,<<"reset">>,node],
                        [],rabbit_mgmt_wm_reset,[]},
                       {[],[],cowboy_static,
                        {file,
                            "/usr/local/var/lib/rabbitmq/mnesia/rabbit2@localhost-plugins-expand/rabbitmq_management-3.6.9/priv/www/index.html"}},
                       {[<<"api">>],
                        [],cowboy_static,
                        {file,
                            "/usr/local/var/lib/rabbitmq/mnesia/rabbit2@localhost-plugins-expand/rabbitmq_management-3.6.9/priv/www/api/index.html"}},
                       {[<<"cli">>],
                        [],cowboy_static,
                        {file,
                            "/usr/local/var/lib/rabbitmq/mnesia/rabbit2@localhost-plugins-expand/rabbitmq_management-3.6.9/priv/www/cli/index.html"}},
                       {[<<"mgmt">>],[],rabbit_mgmt_wm_redirect,"/"},
                       {['...'],
                        [],rabbit_mgmt_wm_static,
                        ["/usr/local/var/lib/rabbitmq/mnesia/rabbit2@localhost-plugins-expand/rabbitmq_management-3.6.9/priv/www"]}]}],
                 {[],"RabbitMQ Management"}},
             infinity]}}}

Log files (may contain more information):
   /usr/local/var/log/rabbitmq/rabbit2@localhost.log
   /usr/local/var/log/rabbitmq/rabbit2@localhost-sasl.log
